[2024-09-11 14:52:03] New session:
	[2024-09-11 14:52:06]: Picked up 1 x5.
	[2024-09-11 14:52:06]: Combined ItemA[Gunpowder] and itemB[Uncased Bullets] to create item[Handgun Ammo] x3.
	[2024-09-11 14:52:07]: Discarded [0] x5.
	[2024-09-11 14:52:07]: Player died
	[2024-09-11 14:52:08]: Loaded GameSave#1 on Slot#2.
	[2024-09-11 14:52:08]: Saved GameSave#1 on Slot#2.
	[2024-09-11 14:52:09]: Exited game, closing session.
	[2024-09-11 14:52:38]: Discarded [Uncased Bullets] x1.
	[2024-09-11 14:52:46]: Discarded [Uncased Bullets] x1.
	[2024-09-11 14:52:47]: Combined ItemA[Gunpowder] and itemB[Uncased Bullets] to create item[Handgun Ammo] x3.
	[2024-09-11 14:52:48]: Player died
	[2024-09-11 14:52:48]: Discarded [Uncased Bullets] x6.
	[2024-09-11 14:52:49]: Discarded [Uncased Bullets] x5.
	[2024-09-11 14:52:49]: Discarded [Pipe] x3.
	[2024-09-11 14:52:50]: Discarded [Handgun] x3.
	[2024-09-11 14:52:50]: Discarded [Pipe] x3.
	[2024-09-11 14:52:51]: Discarded [Gunpowder] x6.
	[2024-09-11 14:52:52]: Combined ItemA[Gunpowder] and itemB[Uncased Bullets] to create item[Handgun Ammo] x3.
	[2024-09-11 14:52:53]: Picked up 1 x1.
	[2024-09-11 14:52:53]: Combined ItemA[Gunpowder] and itemB[Uncased Bullets] to create item[Handgun Ammo] x3.
	[2024-09-11 14:52:54]: Picked up 4 x2.
	[2024-09-11 14:52:55]: Player respawned @(45, 496).
	[2024-09-11 14:52:55]: Loaded GameSave#1 on Slot#1.
	[2024-09-11 14:52:55]: Loaded GameSave#1 on Slot#2.
	[2024-09-11 14:52:56]: Player died
